<?xml version="1.0" encoding="UTF-8"?>
<testng-results skipped="0" failed="0" ignored="0" total="1" passed="1">
  <reporter-output>
  </reporter-output>
  <suite name="Default suite" duration-ms="21551" started-at="2022-03-22T10:10:14 IST" finished-at="2022-03-22T10:10:35 IST">
    <groups>
    </groups>
    <test name="Default test" duration-ms="21551" started-at="2022-03-22T10:10:14 IST" finished-at="2022-03-22T10:10:35 IST">
      <class name="seleniumwithtestng.testngproject.AppTest">
        <test-method status="PASS" signature="beforeTest()[pri:0, instance:seleniumwithtestng.testngproject.AppTest@3ecd23d9]" name="beforeTest" is-config="true" duration-ms="7155" started-at="2022-03-22T10:10:14 IST" finished-at="2022-03-22T10:10:21 IST">
          <reporter-output>
          </reporter-output>
        </test-method> <!-- beforeTest -->
        <test-method status="PASS" signature="testcase_1()[pri:0, instance:seleniumwithtestng.testngproject.AppTest@3ecd23d9]" name="testcase_1" duration-ms="12346" started-at="2022-03-22T10:10:21 IST" finished-at="2022-03-22T10:10:33 IST">
          <reporter-output>
          </reporter-output>
        </test-method> <!-- testcase_1 -->
        <test-method status="PASS" signature="afterTest()[pri:0, instance:seleniumwithtestng.testngproject.AppTest@3ecd23d9]" name="afterTest" is-config="true" duration-ms="1975" started-at="2022-03-22T10:10:33 IST" finished-at="2022-03-22T10:10:35 IST">
          <reporter-output>
          </reporter-output>
        </test-method> <!-- afterTest -->
      </class> <!-- seleniumwithtestng.testngproject.AppTest -->
    </test> <!-- Default test -->
  </suite> <!-- Default suite -->
</testng-results>
